<?xml version="1.0" encoding="utf-8"?><testsuites name="pytest tests"><testsuite name="pytest" errors="0" failures="0" skipped="0" tests="16" time="43.496" timestamp="2026-02-19T20:28:32.521173+00:00" hostname="agent-env-ef686024-fc8f-4f4b-88fb-fdc0eb121d40"><testcase classname="backend.tests.test_rbac_features.TestAuthAndLogin" name="test_admin_login" time="1.366" /><testcase classname="backend.tests.test_rbac_features.TestAuthAndLogin" name="test_recruiter_login" time="1.417" /><testcase classname="backend.tests.test_rbac_features.TestAuthAndLogin" name="test_invalid_login" time="0.436" /><testcase classname="backend.tests.test_rbac_features.TestWorkerOwnership" name="test_admin_sees_all_workers_with_owner_info" time="1.862" /><testcase classname="backend.tests.test_rbac_features.TestWorkerOwnership" name="test_recruiter_creates_worker_with_ownership" time="3.458" /><testcase classname="backend.tests.test_rbac_features.TestWorkerOwnership" name="test_recruiter_only_sees_own_workers" time="4.125" /><testcase classname="backend.tests.test_rbac_features.TestProjectOwnership" name="test_admin_sees_all_projects_with_owner_info" time="1.799" /><testcase classname="backend.tests.test_rbac_features.TestProjectOwnership" name="test_recruiter_creates_project_with_ownership" time="2.305" /><testcase classname="backend.tests.test_rbac_features.TestProjectOwnership" name="test_recruiter_sees_only_own_or_assigned_projects" time="2.692" /><testcase classname="backend.tests.test_rbac_features.TestProjectOwnership" name="test_project_detail_has_owner_name" time="1.463" /><testcase classname="backend.tests.test_rbac_features.TestRecruiterAssignment" name="test_admin_can_assign_recruiter_to_project" time="2.925" /><testcase classname="backend.tests.test_rbac_features.TestRecruiterAssignment" name="test_recruiter_can_see_assigned_project" time="5.218" /><testcase classname="backend.tests.test_rbac_features.TestRecruiterAssignment" name="test_recruiter_cannot_see_unassigned_project" time="2.470" /><testcase classname="backend.tests.test_rbac_features.TestRecruiterAssignment" name="test_admin_can_remove_recruiter_from_project" time="1.603" /><testcase classname="backend.tests.test_rbac_features.TestWorkerAccessControl" name="test_recruiter_cannot_access_others_worker" time="3.530" /><testcase classname="backend.tests.test_rbac_features.TestCleanup" name="test_cleanup_test_data" time="4.834" /></testsuite></testsuites>